------------------------------------------------------------------------------------------------------------------------

[2023-03-05 16:02:36 #1 store] 
Database 'C:\Users\jondo\Desktop\Bets21-20taldea\src\main\resources\bets.temp' is opened by 16068@DESKTOP-LBHEF7H

[2023-03-05 16:02:36 #2 type] 
Type domain.Question is not enhanced.

[2023-03-05 16:02:36 #3 type] 
Type domain.Event is not enhanced.

[2023-03-05 16:02:36 #4 type] 
Type domain.User is not enhanced.

------------------------------------------------------------------------------------------------------------------------

[2023-03-05 17:16:37 #1 store] 
Database 'C:\Users\jondo\Desktop\Bets21-20taldea\src\main\resources\bets.temp' is opened by 7812@DESKTOP-LBHEF7H

[2023-03-05 17:16:37 #2 type] 
Type domain.Question is not enhanced.

[2023-03-05 17:16:37 #3 type.registry] 
New type java.util.ArrayList<java.lang.Object>

[2023-03-05 17:16:37 #4 type] 
Type domain.Event is not enhanced.

[2023-03-05 17:16:37 #5 type] 
Type domain.User is not enhanced.

------------------------------------------------------------------------------------------------------------------------

[2023-03-05 17:17:25 #1 store] 
Database 'C:\Users\jondo\Desktop\Bets21-20taldea\src\main\resources\bets.temp' is opened by 20696@DESKTOP-LBHEF7H

[2023-03-05 17:17:25 #2 type] 
Type domain.Question is not enhanced.

[2023-03-05 17:17:25 #3 type] 
Type domain.Event is not enhanced.

[2023-03-05 17:17:25 #4 type] 
Type domain.User is not enhanced.

------------------------------------------------------------------------------------------------------------------------

[2023-03-05 17:19:05 #1 store] 
Database 'C:\Users\jondo\Desktop\Bets21-20taldea\src\main\resources\bets.temp' is opened by 1476@DESKTOP-LBHEF7H

[2023-03-05 17:19:05 #2 type] 
Type domain.Question is not enhanced.

[2023-03-05 17:19:05 #3 type] 
Type domain.Event is not enhanced.

[2023-03-05 17:19:05 #4 type] 
Type domain.User is not enhanced.

------------------------------------------------------------------------------------------------------------------------

[2023-03-05 17:29:27 #1 store] 
Database 'C:\Users\jondo\Desktop\Bets21-20taldea\src\main\resources\bets.temp' is opened by 19684@DESKTOP-LBHEF7H

[2023-03-05 17:29:27 #2 type] 
Type domain.Question is not enhanced.

[2023-03-05 17:29:27 #3 type] 
Type domain.Event is not enhanced.

[2023-03-05 17:29:27 #4 type] 
Type domain.User is not enhanced.

------------------------------------------------------------------------------------------------------------------------

[2023-03-05 17:30:36 #1 store] 
Database 'C:\Users\jondo\Desktop\Bets21-20taldea\src\main\resources\bets.temp' is opened by 6668@DESKTOP-LBHEF7H

[2023-03-05 17:30:36 #2 type] 
Type domain.Question is not enhanced.

[2023-03-05 17:30:36 #3 type] 
Type domain.Event is not enhanced.

[2023-03-05 17:30:36 #4 type] 
Type domain.User is not enhanced.

------------------------------------------------------------------------------------------------------------------------

[2023-03-05 17:31:34 #1 store] 
Database 'C:\Users\jondo\Desktop\Bets21-20taldea\src\main\resources\bets.temp' is opened by 6484@DESKTOP-LBHEF7H

[2023-03-05 17:31:35 #2 type] 
Type domain.Question is not enhanced.

[2023-03-05 17:31:35 #3 type] 
Type domain.Event is not enhanced.

[2023-03-05 17:31:35 #4 type] 
Type domain.User is not enhanced.

------------------------------------------------------------------------------------------------------------------------

[2023-03-05 18:01:31 #1 store] 
Database 'C:\Users\jondo\Desktop\Bets21-20taldea\src\main\resources\bets.temp' is opened by 7780@DESKTOP-LBHEF7H

[2023-03-05 18:01:31 #2 type] 
Type domain.Question is not enhanced.

[2023-03-05 18:01:31 #3 type] 
Type domain.Event is not enhanced.

[2023-03-05 18:01:31 #4 type] 
Type domain.User is not enhanced.

------------------------------------------------------------------------------------------------------------------------

[2023-03-05 18:06:20 #1 store] 
Database 'C:\Users\jondo\Desktop\Bets21-20taldea\src\main\resources\bets.temp' is opened by 9488@DESKTOP-LBHEF7H

[2023-03-05 18:06:20 #2 type] 
Type domain.Question is not enhanced.

[2023-03-05 18:06:20 #3 type] 
Type domain.Event is not enhanced.

[2023-03-05 18:06:20 #4 type] 
Type domain.User is not enhanced.

------------------------------------------------------------------------------------------------------------------------

[2023-03-05 18:07:12 #1 store] 
Database 'C:\Users\jondo\Desktop\Bets21-20taldea\src\main\resources\bets.temp' is opened by 20260@DESKTOP-LBHEF7H

[2023-03-05 18:07:12 #2 type] 
Type domain.Question is not enhanced.

[2023-03-05 18:07:12 #3 type] 
Type domain.Event is not enhanced.

[2023-03-05 18:07:12 #4 type] 
Type domain.User is not enhanced.

------------------------------------------------------------------------------------------------------------------------

[2023-03-05 18:09:01 #1 store] 
Database 'C:\Users\jondo\Desktop\Bets21-20taldea\src\main\resources\bets.temp' is opened by 18772@DESKTOP-LBHEF7H

[2023-03-05 18:09:01 #2 type] 
Type domain.Question is not enhanced.

[2023-03-05 18:09:01 #3 type] 
Type domain.Event is not enhanced.

[2023-03-05 18:09:01 #4 type] 
Type domain.User is not enhanced.

------------------------------------------------------------------------------------------------------------------------

[2023-03-05 18:10:10 #1 store] 
Database 'C:\Users\jondo\Desktop\Bets21-20taldea\src\main\resources\bets.temp' is opened by 8080@DESKTOP-LBHEF7H

[2023-03-05 18:10:10 #2 type] 
Type domain.Question is not enhanced.

[2023-03-05 18:10:10 #3 type] 
Type domain.Event is not enhanced.

[2023-03-05 18:10:10 #4 type] 
Type domain.User is not enhanced.

------------------------------------------------------------------------------------------------------------------------

[2023-03-05 18:40:41 #1 store] 
Database 'C:\Users\jondo\Desktop\Bets21-20taldea\src\main\resources\bets.temp' is opened by 18052@DESKTOP-LBHEF7H

[2023-03-05 18:40:41 #2 type] 
Type domain.Question is not enhanced.

[2023-03-05 18:40:41 #3 type] 
Type domain.Event is not enhanced.

[2023-03-05 18:40:41 #4 type] 
Type domain.User is not enhanced.

------------------------------------------------------------------------------------------------------------------------

[2023-03-05 18:41:29 #1 store] 
Database 'C:\Users\jondo\Desktop\Bets21-20taldea\src\main\resources\bets.temp' is opened by 15724@DESKTOP-LBHEF7H

[2023-03-05 18:41:29 #2 type] 
Type domain.Question is not enhanced.

[2023-03-05 18:41:29 #3 type] 
Type domain.Event is not enhanced.

[2023-03-05 18:41:29 #4 type] 
Type domain.User is not enhanced.

------------------------------------------------------------------------------------------------------------------------

[2023-03-05 18:43:27 #1 store] 
Database 'C:\Users\jondo\Desktop\Bets21-20taldea\src\main\resources\bets.temp' is opened by 15496@DESKTOP-LBHEF7H

[2023-03-05 18:43:28 #2 type] 
Type domain.Question is not enhanced.

[2023-03-05 18:43:28 #3 type] 
Type domain.Event is not enhanced.

[2023-03-05 18:43:28 #4 type] 
Type domain.User is not enhanced.

------------------------------------------------------------------------------------------------------------------------

[2023-03-05 18:45:41 #1 store] 
Database 'C:\Users\jondo\Desktop\Bets21-20taldea\src\main\resources\bets.temp' is opened by 4844@DESKTOP-LBHEF7H

[2023-03-05 18:45:41 #2 type] 
Type domain.Question is not enhanced.

[2023-03-05 18:45:41 #3 type] 
Type domain.Event is not enhanced.

[2023-03-05 18:45:41 #4 type] 
Type domain.User is not enhanced.

------------------------------------------------------------------------------------------------------------------------

[2023-03-05 19:04:38 #1 store] 
Database 'C:\Users\jondo\Desktop\Bets21-20taldea\src\main\resources\bets.temp' is opened by 17020@DESKTOP-LBHEF7H

[2023-03-05 19:04:38 #2 type] 
Type domain.Question is not enhanced.

[2023-03-05 19:04:39 #3 type] 
Type domain.Event is not enhanced.

[2023-03-05 19:04:39 #4 type] 
Type domain.User is not enhanced.

------------------------------------------------------------------------------------------------------------------------

[2023-03-05 19:05:56 #1 store] 
Database 'C:\Users\jondo\Desktop\Bets21-20taldea\src\main\resources\bets.temp' is opened by 19440@DESKTOP-LBHEF7H

[2023-03-05 19:05:56 #2 type] 
Type domain.Question is not enhanced.

[2023-03-05 19:05:56 #3 type] 
Type domain.Event is not enhanced.

[2023-03-05 19:05:56 #4 type] 
Type domain.User is not enhanced.

------------------------------------------------------------------------------------------------------------------------

[2023-03-05 19:07:46 #1 store] 
Database 'C:\Users\jondo\Desktop\Bets21-20taldea\src\main\resources\bets.temp' is opened by 17732@DESKTOP-LBHEF7H

[2023-03-05 19:07:46 #2 type] 
Type domain.Question is not enhanced.

[2023-03-05 19:07:46 #3 type] 
Type domain.Event is not enhanced.

[2023-03-05 19:07:46 #4 type] 
Type domain.User is not enhanced.

[2023-03-05 19:08:21 #5 type.registry] 
New type domain.Quote

[2023-03-05 19:08:21 #6 type] 
Type domain.Quote is not enhanced.

